
ROM used: 232 (23%)
          232 (23%) including unused fragments

          1 Average locations per line
          3 Average locations per statement

RAM used: 5 (7%) at main() level
          12 (18%) worst case

Stack used: 1 worst case (out of 8 total available)

Lines Stmts  %   Files
----- ----- ---  -----
   99    85 100  UnBotonTresSecuencias.c
  133     0   0  ..\..\..\..\..\..\Program Files (x86)\PICC\devices\16f84a.h
----- -----
  232    85 Total

Page ROM  %  RAM   Vol Diff  Functions:
---- --- --- ---   --- ----  ----------
0     20   9   1             @delay_ms1
0    208  90   1  2736  6.5  main

Program metrics:
    Functions               1
    Statements              85
    Comments                45
    Volume (V)              2739
    Difficilty (D)          6.4
    Effort to implement (E) 17593
    Time to implement (T)   16 minutes
    Est Delivered Bugs (B)  0
    Cyclomatic Complexity   7
    Maintainability (MI)    15

 Segment     Used  Free
-----------  ----  ----
00000-00003     4  0  
00004-003FF   228  792  



