
ROM used: 102 (10%)
          102 (10%) including unused fragments

          1 Average locations per line
          4 Average locations per statement

RAM used: 5 (7%) at main() level
          10 (15%) worst case

Stack used: 1 worst case (out of 8 total available)

Lines Stmts  %   Files
----- ----- ---  -----
   35    24 100  DosBotones.c
  133     0   0  ..\..\..\..\..\..\Program Files (x86)\PICC\devices\16f84a.h
----- -----
  168    24 Total

Page ROM  %  RAM   Vol Diff  Functions:
---- --- --- ---   --- ----  ----------
0     20  20   1             @delay_ms1
0     78  76   1   609  5.3  main

Program metrics:
    Functions               1
    Statements              24
    Comments                45
    Volume (V)              612
    Difficilty (D)          5.2
    Effort to implement (E) 3155
    Time to implement (T)   3 minutes
    Est Delivered Bugs (B)  0
    Cyclomatic Complexity   3
    Maintainability (MI)    44

 Segment     Used  Free
-----------  ----  ----
00000-00003     4  0  
00004-003FF    98  922  



