
ROM used: 186 (18%)
          186 (18%) including unused fragments

          1 Average locations per line
          3 Average locations per statement

RAM used: 5 (7%) at main() level
          9 (13%) worst case

Stack used: 1 worst case (out of 8 total available)

Lines Stmts  %   Files
----- ----- ---  -----
   81    64 100  Contador.c
  133     0   0  ..\..\..\..\..\..\Program Files (x86)\PICC\devices\16f84a.h
----- -----
  214    64 Total

Page ROM  %  RAM   Vol Diff  Functions:
---- --- --- ---   --- ----  ----------
0     20  11   1             @delay_ms1
0    162  87   1  1899  5.4  main

Program metrics:
    Functions               1
    Statements              64
    Comments                69
    Volume (V)              1902
    Difficilty (D)          5.4
    Effort to implement (E) 10221
    Time to implement (T)   9 minutes
    Est Delivered Bugs (B)  0
    Cyclomatic Complexity   2
    Maintainability (MI)    79

 Segment     Used  Free
-----------  ----  ----
00000-00003     4  0  
00004-003FF   182  838  



