
ROM used: 104 (10%)
          104 (10%) including unused fragments

          1 Average locations per line
          5 Average locations per statement

RAM used: 5 (7%) at main() level
          15 (22%) worst case

Stack used: 1 worst case (out of 8 total available)

Lines Stmts  %   Files
----- ----- ---  -----
   35    20 100  Dado.c
  133     0   0  ..\..\..\..\..\..\Program Files (x86)\PICC\devices\16f84a.h
----- -----
  168    20 Total

Page ROM  %  RAM   Vol Diff  Functions:
---- --- --- ---   --- ----  ----------
0     20  19   1             @delay_ms1
0     80  77   1   631  6.4  main

Program metrics:
    Functions               1
    Statements              20
    Comments                45
    Volume (V)              634
    Difficilty (D)          6.2
    Effort to implement (E) 3954
    Time to implement (T)   4 minutes
    Est Delivered Bugs (B)  0
    Cyclomatic Complexity   3
    Maintainability (MI)    47

 Segment     Used  Free
-----------  ----  ----
00000-00003     4  0  
00004-003FF   100  920  



